app/proguard-rules.pro
# Proguard rules for WearWifiTools
-keep class com.example.wearwifitools.** { *; }