app/build/outputs/mapping/release/seeds.txt
com.example.wearwifitools.ui.MainScreenKt$MainScreen$3$4$1$1
com.example.wearwifitools.ui.PingScreenKt$PingScreen$2
com.example.wearwifitools.ui.MainScreenKt$MainScreen$3$4$2$1
com.example.wearwifitools.ui.ScanScreenKt$ScanScreen$1$1$3$invoke$$inlined$items$default$3
com.example.wearwifitools.wifi.WifiDiagnosticData
com.example.wearwifitools.ui.PingScreenKt
com.example.wearwifitools.ui.ScanScreenKt$ScanScreen$1$1$3$invoke$$inlined$items$default$2
com.example.wearwifitools.ui.SignalScreenKt$SignalScreen$1$1$3$1
com.example.wearwifitools.presentation.ComposableSingletons$MainActivityKt
com.example.wearwifitools.ui.ScanScreenKt$ScanScreen$1$1$3
com.example.wearwifitools.ui.SignalScreenKt
com.example.wearwifitools.presentation.ComposableSingletons$MainActivityKt$lambda-1$1
com.example.wearwifitools.ui.MainScreenKt$MainScreen$3$2
com.example.wearwifitools.ui.MainScreenKt$MainScreen$1
com.example.wearwifitools.ui.MainScreenKt$MainScreen$3$1
com.example.wearwifitools.ui.MainScreenKt$TabPill$1$1
com.example.wearwifitools.ui.PingScreenKt$PingScreen$1$1$3$1
com.example.wearwifitools.ui.ScanScreenKt
com.example.wearwifitools.ui.ScanScreenKt$ScanScreen$2
com.example.wearwifitools.wifi.DiscoveredDevice
com.example.wearwifitools.wifi.WifiManagerHelper$getDiagnosticData$2
com.example.wearwifitools.ui.ScanScreenKt$ScanScreen$1$1$3$invoke$$inlined$items$default$4
com.example.wearwifitools.ui.MainScreenKt$MainScreen$2$1
com.example.wearwifitools.R
com.example.wearwifitools.ui.SignalScreenKt$SignalScreen$2
com.example.wearwifitools.ui.MainScreenKt$MainScreen$3$3$1$found$1
com.example.wearwifitools.presentation.MainActivity
com.example.wearwifitools.ui.MainScreenKt$MainScreen$refreshData$1
com.example.wearwifitools.wifi.WifiManagerHelper$scanLocalSubnet$2
com.example.wearwifitools.ui.MainScreenKt$TabPill$3
com.example.wearwifitools.ui.ScanScreenKt$ScanScreen$1$1$3$invoke$$inlined$items$default$1
com.example.wearwifitools.ui.MainScreenKt$MainScreen$3$3
com.example.wearwifitools.ui.MainScreenKt$MainScreen$3$4$3$1
com.example.wearwifitools.ui.MainScreenKt$MainScreen$3$3$1
com.example.wearwifitools.ui.MainScreenKt$MainScreen$4
com.example.wearwifitools.wifi.WifiManagerHelper
com.example.wearwifitools.ui.MainScreenKt
com.example.wearwifitools.ui.ScanScreenKt$ScanScreen$1$1$4$1
com.example.wearwifitools.ui.MainScreenKt$MainScreen$3$3$1: androidx.compose.runtime.MutableState $isScanning$delegate
com.example.wearwifitools.ui.ScanScreenKt$ScanScreen$1$1$4$1: kotlin.jvm.functions.Function0 $onStartScan
com.example.wearwifitools.wifi.DiscoveredDevice: long pingMs
com.example.wearwifitools.ui.ScanScreenKt$ScanScreen$2: int $$changed
com.example.wearwifitools.wifi.WifiDiagnosticData: int rssi
com.example.wearwifitools.ui.PingScreenKt$PingScreen$1$1$3$1: kotlin.jvm.functions.Function0 $onRunPing
com.example.wearwifitools.wifi.WifiManagerHelper: android.net.ConnectivityManager connectivityManager
com.example.wearwifitools.wifi.WifiDiagnosticData: java.lang.String bandStr
com.example.wearwifitools.ui.MainScreenKt$MainScreen$refreshData$1: com.example.wearwifitools.wifi.WifiManagerHelper $wifiHelper
com.example.wearwifitools.ui.MainScreenKt$MainScreen$refreshData$1: java.lang.Object L$0
com.example.wearwifitools.ui.ScanScreenKt$ScanScreen$2: kotlin.jvm.functions.Function0 $onStartScan
com.example.wearwifitools.wifi.WifiDiagnosticData: java.lang.String ssid
com.example.wearwifitools.ui.MainScreenKt$MainScreen$3$3$1: androidx.compose.runtime.MutableState $discoveredDevices$delegate
com.example.wearwifitools.ui.MainScreenKt$MainScreen$1: int label
com.example.wearwifitools.wifi.WifiManagerHelper$scanLocalSubnet$2: com.example.wearwifitools.wifi.WifiManagerHelper this$0
com.example.wearwifitools.wifi.WifiDiagnosticData: long pingGoogleMs
com.example.wearwifitools.presentation.ComposableSingletons$MainActivityKt: kotlin.jvm.functions.Function2 lambda-1
com.example.wearwifitools.wifi.WifiManagerHelper$scanLocalSubnet$2: kotlin.jvm.functions.Function1 $onDeviceFound
...
com.google.android.gms.common.internal.ConnectionTelemetryConfiguration: android.os.Parcelable$Creator CREATOR
androidx.lifecycle.ReportFragment$LifecycleCallbacks: androidx.lifecycle.ReportFragment$LifecycleCallbacks$Companion Companion
kotlinx.coroutines.scheduling.WorkQueue: java.lang.Object lastScheduledTask
kotlinx.coroutines.CancellableContinuationImpl: java.lang.Object _state
androidx.lifecycle.ProcessLifecycleOwner$attach$1$onActivityPreCreated$1: androidx.lifecycle.ProcessLifecycleOwner this$0
androidx.recyclerview.widget.StaggeredGridLayoutManager$LazySpanLookup$FullSpanItem: android.os.Parcelable$Creator CREATOR
android.support.v4.media.MediaBrowserCompat$MediaItem: android.os.Parcelable$Creator CREATOR
androidx.activity.ComponentActivity: boolean mDispatchingOnPictureInPictureModeChanged
androidx.activity.ComponentActivity: java.util.concurrent.CopyOnWriteArrayList mOnMultiWindowModeChangedListeners
kotlinx.coroutines.scheduling.CoroutineScheduler: int _isTerminated
kotlinx.coroutines.flow.StateFlowSlot: java.lang.Object _state
kotlinx.coroutines.scheduling.CoroutineScheduler: long controlState
androidx.activity.ComponentActivity: java.lang.String ACTIVITY_RESULT_TAG
android.support.v4.media.MediaDescriptionCompat: android.os.Parcelable$Creator CREATOR
kotlinx.coroutines.internal.LockFreeTaskQueue: java.lang.Object _cur
kotlinx.coroutines.EventLoopImplBase$DelayedTask: java.lang.Object _heap
com.google.android.gms.signin.internal.zai: android.os.Parcelable$Creator CREATOR
kotlinx.coroutines.CancelledContinuation: int _resumed
kotlinx.coroutines.scheduling.CoroutineScheduler: long parkedWorkersStack
android.support.v4.media.session.ParcelableVolumeInfo: android.os.Parcelable$Creator CREATOR
kotlin.SafePublicationLazyImpl: java.lang.Object _value
com.google.android.gms.common.ConnectionResult: android.os.Parcelable$Creator CREATOR
com.google.android.gms.common.internal.zat: android.os.Parcelable$Creator CREATOR
kotlin.coroutines.jvm.internal.BaseContinuationImpl: kotlin.coroutines.Continuation completion
kotlinx.coroutines.internal.LockFreeLinkedListNode: java.lang.Object _next
android.support.v4.media.RatingCompat: android.os.Parcelable$Creator CREATOR
androidx.lifecycle.Lifecycle$Event: androidx.lifecycle.Lifecycle$Event ON_ANY
kotlinx.coroutines.flow.StateFlowImpl: java.lang.Object _state
androidx.lifecycle.Lifecycle$Event: androidx.lifecycle.Lifecycle$Event[] $VALUES
com.google.android.gms.dynamite.DynamiteModule$DynamiteLoaderClassLoader: java.lang.ClassLoader sClassLoader
android.support.v4.media.session.MediaSessionCompat$ResultReceiverWrapper: android.os.Parcelable$Creator CREATOR
androidx.activity.ComponentActivity: boolean mDispatchingOnMultiWindowModeChanged
kotlinx.coroutines.scheduling.CoroutineScheduler$Worker: int workerCtl
com.google.android.gms.common.internal.zav: android.os.Parcelable$Creator CREATOR
kotlinx.coroutines.EventLoopImplBase: int _isCompleted
kotlinx.coroutines.InvokeOnCancelling: int _invoked
kotlinx.coroutines.internal.ResizableAtomicArray: java.util.concurrent.atomic.AtomicReferenceArray array
kotlinx.coroutines.android.AndroidExceptionPreHandler: java.lang.Object _preHandler
com.google.android.gms.signin.internal.zak: android.os.Parcelable$Creator CREATOR
com.google.android.gms.common.Feature: android.os.Parcelable$Creator CREATOR
androidx.lifecycle.Lifecycle$Event: androidx.lifecycle.Lifecycle$Event ON_STOP
com.google.android.gms.signin.internal.zaa: android.os.Parcelable$Creator CREATOR
androidx.activity.ComponentActivity: java.util.concurrent.CopyOnWriteArrayList mOnPictureInPictureModeChangedListeners
kotlinx.coroutines.DefaultExecutor: java.lang.Thread _thread
androidx.core.app.ComponentActivity: androidx.lifecycle.LifecycleRegistry mLifecycleRegistry
androidx.lifecycle.ProcessLifecycleOwner$attach$1: androidx.lifecycle.ProcessLifecycleOwner this$0
kotlinx.coroutines.channels.AbstractSendChannel: java.lang.Object onCloseHandler