app/build/outputs/mapping/release/mapping.txt
# compiler: R8
# compiler_version: 8.3.37
# min_api: 30
# common_typos_disable
# {"id":"com.android.tools.r8.mapping","version":"2.2"}
# pg_map_id: e85b374
# pg_map_hash: SHA-256 e85b37489737e09ca4317a6b3b3cc87412500111040219569ca423f102fbf2ab
com.example.wearwifitools.presentation.ComposableSingletons$MainActivityKt -> com.example.wearwifitools.presentation.ComposableSingletons$MainActivityKt:
# {"id":"sourceFile","fileName":"MainActivity.kt"}
    kotlin.jvm.functions.Function2 lambda-1 -> lambda-1
      # {"id":"com.android.tools.r8.residualsignature","signature":"Li1/e;"}
    7:19:void <clinit>():25:25 -> <clinit>
    0:2:kotlin.jvm.functions.Function2 getLambda-1$app_release():0:0 -> getLambda-1$app_release
      # {"id":"com.android.tools.r8.residualsignature","signature":"()Li1/e;"}
com.example.wearwifitools.presentation.ComposableSingletons$MainActivityKt$lambda-1$1 -> com.example.wearwifitools.presentation.ComposableSingletons$MainActivityKt$lambda-1$1:
# {"id":"sourceFile","fileName":"MainActivity.kt"}
    1:1:void invoke(androidx.compose.runtime.Composer,int):0:0 -> invoke
      # {"id":"com.android.tools.r8.residualsignature","signature":"(Lu/k;I)V"}
    2:2:void invoke(androidx.compose.runtime.Composer,int):26:26 -> invoke
    3:3:java.lang.Object invoke(java.lang.Object,java.lang.Object):25:25 -> invoke
com.example.wearwifitools.presentation.MainActivity -> com.example.wearwifitools.presentation.MainActivity:
# {"id":"sourceFile","fileName":"MainActivity.kt"}
    0:3:void <init>():11:11 -> <init>
    0:2:void onCreate(android.os.Bundle):14:14 -> onCreate
    3:13:int androidx.core.content.ContextCompat.checkSelfPermission(android.content.Context,java.lang.String):595:595 -> onCreate
    3:13:void onCreate(android.os.Bundle):17 -> onCreate
    14:19:int androidx.core.content.ContextCompat.checkSelfPermission(android.content.Context,java.lang.String):596:596 -> onCreate
    14:19:void onCreate(android.os.Bundle):17 -> onCreate
    20:24:androidx.core.app.NotificationManagerCompat androidx.core.app.NotificationManagerCompat.from(android.content.Context):164:164 -> onCreate
    20:24:int androidx.core.content.ContextCompat.checkSelfPermission(android.content.Context,java.lang.String):597 -> onCreate
    20:24:void onCreate(android.os.Bundle):17 -> onCreate
    25:36:boolean androidx.core.app.NotificationManagerCompat.areNotificationsEnabled():239:239 -> onCreate
    25:36:int androidx.core.content.ContextCompat.checkSelfPermission(android.content.Context,java.lang.String):597 -> onCreate
    25:36:void onCreate(android.os.Bundle):17 -> onCreate
    37:50:int androidx.core.content.ContextCompat.checkSelfPermission(android.content.Context,java.lang.String):601:601 -> onCreate
    37:50:void onCreate(android.os.Bundle):17 -> onCreate
com.example.wearwifitools.ui.MainScreenKt -> com.example.wearwifitools.ui.MainScreenKt:
# {"id":"sourceFile","fileName":"MainScreen.kt"}
    0:1:void MainScreen(androidx.compose.runtime.Composer,int):0:0 -> MainScreen
    0:1:void MainScreen(u.Composer,int):0 -> MainScreen
      # {"id":"com.android.tools.r8.synthesized"}
      # {"id":"com.android.tools.r8.residualsignature","signature":"(Lu/k;I)V"}
    2:20:void MainScreen(androidx.compose.runtime.Composer,int):31:31 -> MainScreen
    2:20:void MainScreen(u.Composer,int):0 -> MainScreen
    21:26:void MainScreen(androidx.compose.runtime.Composer,int):117:117 -> MainScreen
    21:26:void MainScreen(u.Composer,int):0 -> MainScreen
    27:28:androidx.compose.runtime.ProvidableCompositionLocal androidx.compose.ui.platform.AndroidCompositionLocals_androidKt.getLocalContext():50:50 -> MainScreen
    27:28:void MainScreen(androidx.compose.runtime.Composer,int):32 -> MainScreen
    27:28:void MainScreen(u.Composer,int):0 -> MainScreen
    29:32:java.lang.Object androidx.compose.runtime.CompositionLocal.getCurrent(androidx.compose.runtime.Composer,int):76:76 -> MainScreen
    29:32:void MainScreen(androidx.compose.runtime.Composer,int):32 -> MainScreen
    29:32:void MainScreen(u.Composer,int):0 -> MainScreen
    33:40:void MainScreen(androidx.compose.runtime.Composer,int):32:32 -> MainScreen
    33:40:void MainScreen(u.Composer,int):0 -> MainScreen
...
androidx.compose.ui.node.NodeCoordinator$Companion$PointerInputSource$1 -> W.b0:
# {"id":"sourceFile","fileName":"NodeCoordinator.kt"}
    int $r8$classId -> a
      # {"id":"com.android.tools.r8.synthesized"}
    androidx.emoji2.text.flatbuffer.Utf8 androidx.emoji2.text.flatbuffer.Utf8.DEFAULT -> b
      # {"id":"com.android.tools.r8.residualsignature","signature":"LW/b0;"}
    1:1:void <init>(int):0:0 -> <init>
      # {"id":"com.android.tools.r8.synthesized"}
    2:2:void <init>(int,java.lang.Object):0:0 -> <init>
      # {"id":"com.android.tools.r8.synthesized"}
      # {"id":"com.android.tools.r8.residualsignature","signature":"(ILjava/lang/Object;)V"}
    0:4:void checkElementIndex$kotlin_stdlib(int,int):0:0 -> a
      # {"id":"com.android.tools.r8.synthesized"}
    5:32:void kotlin.collections.AbstractList$Companion.checkElementIndex$kotlin_stdlib(int,int):108:108 -> a
    5:32:void checkElementIndex$kotlin_stdlib(int,int):0 -> a
    0:4:void checkPositionIndex$kotlin_stdlib(int,int):0:0 -> b
      # {"id":"com.android.tools.r8.synthesized"}
    5:32:void kotlin.collections.AbstractList$Companion.checkPositionIndex$kotlin_stdlib(int,int):114:114 -> b
    5:32:void checkPositionIndex$kotlin_stdlib(int,int):0 -> b
    0:4:void onDiagnosticReceived():0:0 -> c
      # {"id":"com.android.tools.r8.synthesized"}
      # {"id":"com.android.tools.r8.residualsignature","signature":"()V"}
androidx.compose.ui.node.NodeCoordinator$Companion$SemanticsSource$1 -> R8$$REMOVED$$CLASS$$466:
# {"id":"sourceFile","fileName":"NodeCoordinator.kt"}
androidx.compose.ui.node.NodeCoordinator$Companion$onCommitAffectingLayer$1 -> R8$$REMOVED$$CLASS$$467:
# {"id":"sourceFile","fileName":"NodeCoordinator.kt"}
androidx.compose.ui.node.NodeCoordinator$Companion$onCommitAffectingLayerParams$1 -> R8$$REMOVED$$CLASS$$468:
# {"id":"sourceFile","fileName":"NodeCoordinator.kt"}
androidx.compose.ui.node.NodeCoordinator$HitTestSource -> W.c0:
# {"id":"sourceFile","fileName":"NodeCoordinator.kt"}
androidx.compose.ui.node.NodeCoordinator$hit$1 -> W.d0:
# {"id":"sourceFile","fileName":"NodeCoordinator.kt"}
    androidx.compose.ui.node.NodeCoordinator this$0 -> i
      # {"id":"com.android.tools.r8.residualsignature","signature":"LW/f0;"}
    androidx.compose.ui.Modifier$Node $this_hit -> j
      # {"id":"com.android.tools.r8.residualsignature","signature":"LF/n;"}
    androidx.compose.ui.node.NodeCoordinator$HitTestSource $hitTestSource -> k
      # {"id":"com.android.tools.r8.residualsignature","signature":"LW/c0;"}
    long $pointerPosition -> l
    androidx.compose.ui.node.HitTestResult $hitTestResult -> m
      # {"id":"com.android.tools.r8.residualsignature","signature":"LW/u;"}
    boolean $isTouchEvent -> n
    boolean $isInLayer -> o
    0:18:void <init>(androidx.compose.ui.node.NodeCoordinator,androidx.compose.ui.Modifier$Node,androidx.compose.ui.node.NodeCoordinator$HitTestSource,long,androidx.compose.ui.node.HitTestResult,boolean,boolean):0:0 -> <init>
      # {"id":"com.android.tools.r8.residualsignature","signature":"(LW/f0;LF/n;LW/c0;JLW/u;ZZ)V"}
    0:3:void invoke():596:596 -> invoke
    0:3:java.lang.Object invoke():595 -> invoke
    4:13:void invoke():596:596 -> invoke
    4:13:java.lang.Object invoke():595 -> invoke
      # {"id":"com.android.tools.r8.rewriteFrame","conditions":["throws(Ljava/lang/NullPointerException;)"],"actions":["removeInnerFrames(1)"]}
    14:19:void invoke():596:596 -> invoke
    14:19:java.lang.Object invoke():595 -> invoke