app/build/outputs/mapping/release/usage.txt
com.example.wearwifitools.presentation.MainActivity:
    static void <clinit>()
com.example.wearwifitools.wifi.DiscoveredDevice:
    static void <clinit>()
com.example.wearwifitools.wifi.WifiDiagnosticData:
    static void <clinit>()
com.example.wearwifitools.wifi.WifiManagerHelper:
    static void <clinit>()
...
com.google.android.gms.internal.wearable.zzcb
com.google.android.gms.internal.wearable.zzcc
com.google.android.gms.internal.wearable.zzcd
com.google.android.gms.internal.wearable.zzce
com.google.android.gms.internal.wearable.zzcf
com.google.android.gms.internal.wearable.zzcg
com.google.android.gms.internal.wearable.zzch
com.google.android.gms.internal.wearable.zzci
com.google.android.gms.internal.wearable.zzcj
com.google.android.gms.internal.wearable.zzck
com.google.android.gms.internal.wearable.zzcl
com.google.android.gms.internal.wearable.zzcm
com.google.android.gms.internal.wearable.zzcn
com.google.android.gms.internal.wearable.zzco
com.google.android.gms.internal.wearable.zzcp
com.google.android.gms.internal.wearable.zzcq
com.google.android.gms.internal.wearable.zzcr
com.google.android.gms.internal.wearable.zzcs
com.google.android.gms.internal.wearable.zzct
com.google.android.gms.internal.wearable.zzcu
com.google.android.gms.internal.wearable.zzcv
com.google.android.gms.internal.wearable.zzcw
com.google.android.gms.internal.wearable.zzcx
com.google.android.gms.internal.wearable.zzcy
com.google.android.gms.internal.wearable.zzcz
com.google.android.gms.internal.wearable.zzd
com.google.android.gms.internal.wearable.zzda
com.google.android.gms.internal.wearable.zzdb
com.google.android.gms.internal.wearable.zzdc
com.google.android.gms.internal.wearable.zzdd
com.google.android.gms.internal.wearable.zzde
com.google.android.gms.internal.wearable.zzdf
com.google.android.gms.internal.wearable.zzdg
com.google.android.gms.internal.wearable.zzdh
com.google.android.gms.internal.wearable.zzdi
com.google.android.gms.internal.wearable.zzdj
com.google.android.gms.internal.wearable.zzdk
com.google.android.gms.internal.wearable.zzdl
com.google.android.gms.internal.wearable.zzdm
com.google.android.gms.internal.wearable.zzdn
com.google.android.gms.internal.wearable.zzdo
com.google.android.gms.internal.wearable.zzdp
com.google.android.gms.internal.wearable.zzdq
com.google.android.gms.internal.wearable.zzdr
com.google.android.gms.internal.wearable.zzds
com.google.android.gms.internal.wearable.zzdt
com.google.android.gms.internal.wearable.zzdu
com.google.android.gms.internal.wearable.zzdv
com.google.android.gms.internal.wearable.zzdw
com.google.android.gms.internal.wearable.zzdx
com.google.android.gms.internal.wearable.zzdy
com.google.android.gms.internal.wearable.zzdz
com.google.android.gms.internal.wearable.zze
com.google.android.gms.internal.wearable.zzea
com.google.android.gms.internal.wearable.zzeb
com.google.android.gms.internal.wearable.zzec
com.google.android.gms.internal.wearable.zzed
com.google.android.gms.internal.wearable.zzee
com.google.android.gms.internal.wearable.zzef
com.google.android.gms.internal.wearable.zzeg
com.google.android.gms.internal.wearable.zzeh
com.google.android.gms.internal.wearable.zzei
com.google.android.gms.internal.wearable.zzej
com.google.android.gms.internal.wearable.zzek
com.google.android.gms.internal.wearable.zzel
com.google.android.gms.internal.wearable.zzem
com.google.android.gms.internal.wearable.zzen
com.google.android.gms.internal.wearable.zzeo
com.google.android.gms.internal.wearable.zzep
com.google.android.gms.internal.wearable.zzeq
com.google.android.gms.internal.wearable.zzer
com.google.android.gms.internal.wearable.zzes
com.google.android.gms.internal.wearable.zzet
com.google.android.gms.internal.wearable.zzeu
com.google.android.gms.internal.wearable.zzev
com.google.android.gms.internal.wearable.zzew
com.google.android.gms.internal.wearable.zzf
com.google.android.gms.internal.wearable.zzg
com.google.android.gms.internal.wearable.zzh
com.google.android.gms.internal.wearable.zzi
com.google.android.gms.internal.wearable.zzj
com.google.android.gms.internal.wearable.zzk
com.google.android.gms.internal.wearable.zzl
com.google.android.gms.internal.wearable.zzm
com.google.android.gms.internal.wearable.zzn
com.google.android.gms.internal.wearable.zzo
com.google.android.gms.internal.wearable.zzp